[2024-05-13 09:52:48] glpiphplog.WARNING:   *** PHP User Warning (512): Unknown field: 'getFromDB' in /home/romain/TECLIB/DEV/GLPI/glpi-fork/src/CommonITILObject.php at line 269
  Backtrace :
  src/CommonITILObject.php:269                       trigger_error()
  src/Ticket.php:1755                                CommonITILObject->__isset()
  src/CommonDBTM.php:1747                            Ticket->post_updateItem()
  src/CommonITILObject.php:8712                      CommonDBTM->update()
  src/CommonITILObject.php:2868                      CommonITILObject->updateActors()
  src/Ticket.php:2225                                CommonITILObject->post_addItem()
  src/CommonDBTM.php:1343                            Ticket->post_addItem()
  front/ticket.form.php:80                           CommonDBTM->add()
  
[2024-05-13 12:55:36] glpiphplog.WARNING:   *** PHP User Warning (512): Unknown field: 'setTechAndGroupFromItilCategory' in /home/romain/TECLIB/DEV/GLPI/glpi-fork/src/CommonITILObject.php at line 269
  Backtrace :
  src/CommonITILObject.php:269                       trigger_error()
  src/RuleCollection.php:1658                        CommonITILObject->__isset()
  src/Ticket.php:1960                                RuleCollection->processAllRules()
  src/CommonDBTM.php:1297                            Ticket->prepareInputForAdd()
  front/ticket.form.php:80                           CommonDBTM->add()
  
[2024-05-13 12:56:07] glpiphplog.WARNING:   *** PHP User Warning (512): Unknown field: 'setTechAndGroupFromItilCategory' in /home/romain/TECLIB/DEV/GLPI/glpi-fork/src/CommonITILObject.php at line 269
  Backtrace :
  src/CommonITILObject.php:269                       trigger_error()
  src/RuleCollection.php:1658                        CommonITILObject->__isset()
  src/Ticket.php:1960                                RuleCollection->processAllRules()
  src/CommonDBTM.php:1297                            Ticket->prepareInputForAdd()
  front/ticket.form.php:80                           CommonDBTM->add()
  
[2024-05-13 12:56:16] glpiphplog.WARNING:   *** PHP User Warning (512): Unknown field: 'setTechAndGroupFromHardware' in /home/romain/TECLIB/DEV/GLPI/glpi-fork/src/CommonITILObject.php at line 269
  Backtrace :
  src/CommonITILObject.php:269                       trigger_error()
  src/RuleCollection.php:1658                        CommonITILObject->__isset()
  src/Ticket.php:1960                                RuleCollection->processAllRules()
  src/CommonDBTM.php:1297                            Ticket->prepareInputForAdd()
  front/ticket.form.php:80                           CommonDBTM->add()
  
[2024-05-13 12:56:33] glpiphplog.WARNING:   *** PHP User Warning (512): Unknown field: 'setTechAndGroupFromHardware' in /home/romain/TECLIB/DEV/GLPI/glpi-fork/src/CommonITILObject.php at line 269
  Backtrace :
  src/CommonITILObject.php:269                       trigger_error()
  src/RuleCollection.php:1658                        CommonITILObject->__isset()
  src/Ticket.php:1960                                RuleCollection->processAllRules()
  src/CommonDBTM.php:1297                            Ticket->prepareInputForAdd()
  front/ticket.form.php:80                           CommonDBTM->add()
  
[2024-05-13 12:58:16] glpiphplog.WARNING:   *** PHP User Warning (512): Unknown field: 'setTechAndGroupFromItilCategory' in /home/romain/TECLIB/DEV/GLPI/glpi-fork/src/CommonITILObject.php at line 269
  Backtrace :
  src/CommonITILObject.php:269                       trigger_error()
  src/RuleCollection.php:1658                        CommonITILObject->__isset()
  src/Ticket.php:1960                                RuleCollection->processAllRules()
  src/CommonDBTM.php:1297                            Ticket->prepareInputForAdd()
  front/ticket.form.php:80                           CommonDBTM->add()
  
[2024-05-13 13:02:23] glpiphplog.WARNING:   *** PHP Warning (2): Undefined array key "fields" in /home/romain/TECLIB/DEV/GLPI/glpi-fork/src/RuleCollection.php at line 1665
  Backtrace :
  src/Ticket.php:1960                                RuleCollection->processAllRules()
  src/CommonDBTM.php:1297                            Ticket->prepareInputForAdd()
  front/ticket.form.php:80                           CommonDBTM->add()
  
[2024-05-13 13:02:23] glpiphplog.WARNING:   *** PHP Warning (2): Trying to access array offset on null in /home/romain/TECLIB/DEV/GLPI/glpi-fork/src/RuleCollection.php at line 1665
  Backtrace :
  src/Ticket.php:1960                                RuleCollection->processAllRules()
  src/CommonDBTM.php:1297                            Ticket->prepareInputForAdd()
  front/ticket.form.php:80                           CommonDBTM->add()
  
[2024-05-13 13:02:23] glpiphplog.WARNING:   *** PHP Warning (2): Undefined array key "fields" in /home/romain/TECLIB/DEV/GLPI/glpi-fork/src/RuleCollection.php at line 1665
  Backtrace :
  src/Ticket.php:1960                                RuleCollection->processAllRules()
  src/CommonDBTM.php:1297                            Ticket->prepareInputForAdd()
  front/ticket.form.php:80                           CommonDBTM->add()
  
[2024-05-13 13:02:23] glpiphplog.WARNING:   *** PHP Warning (2): Trying to access array offset on null in /home/romain/TECLIB/DEV/GLPI/glpi-fork/src/RuleCollection.php at line 1665
  Backtrace :
  src/Ticket.php:1960                                RuleCollection->processAllRules()
  src/CommonDBTM.php:1297                            Ticket->prepareInputForAdd()
  front/ticket.form.php:80                           CommonDBTM->add()
  
[2024-05-13 13:02:23] glpiphplog.WARNING:   *** PHP Warning (2): Undefined array key "fields" in /home/romain/TECLIB/DEV/GLPI/glpi-fork/src/RuleCollection.php at line 1665
  Backtrace :
  src/Ticket.php:1960                                RuleCollection->processAllRules()
  src/CommonDBTM.php:1297                            Ticket->prepareInputForAdd()
  front/ticket.form.php:80                           CommonDBTM->add()
  
[2024-05-13 13:02:23] glpiphplog.WARNING:   *** PHP Warning (2): Trying to access array offset on null in /home/romain/TECLIB/DEV/GLPI/glpi-fork/src/RuleCollection.php at line 1665
  Backtrace :
  src/Ticket.php:1960                                RuleCollection->processAllRules()
  src/CommonDBTM.php:1297                            Ticket->prepareInputForAdd()
  front/ticket.form.php:80                           CommonDBTM->add()
  
[2024-05-13 13:02:23] glpiphplog.WARNING:   *** PHP Warning (2): Undefined array key "fields" in /home/romain/TECLIB/DEV/GLPI/glpi-fork/src/RuleCollection.php at line 1665
  Backtrace :
  src/Ticket.php:1960                                RuleCollection->processAllRules()
  src/CommonDBTM.php:1297                            Ticket->prepareInputForAdd()
  front/ticket.form.php:80                           CommonDBTM->add()
  
[2024-05-13 13:02:23] glpiphplog.WARNING:   *** PHP Warning (2): Trying to access array offset on null in /home/romain/TECLIB/DEV/GLPI/glpi-fork/src/RuleCollection.php at line 1665
  Backtrace :
  src/Ticket.php:1960                                RuleCollection->processAllRules()
  src/CommonDBTM.php:1297                            Ticket->prepareInputForAdd()
  front/ticket.form.php:80                           CommonDBTM->add()
  
[2024-05-13 13:02:23] glpiphplog.WARNING:   *** PHP Warning (2): Undefined array key "fields" in /home/romain/TECLIB/DEV/GLPI/glpi-fork/src/RuleCollection.php at line 1665
  Backtrace :
  src/Ticket.php:1960                                RuleCollection->processAllRules()
  src/CommonDBTM.php:1297                            Ticket->prepareInputForAdd()
  front/ticket.form.php:80                           CommonDBTM->add()
  
[2024-05-13 13:02:23] glpiphplog.WARNING:   *** PHP Warning (2): Trying to access array offset on null in /home/romain/TECLIB/DEV/GLPI/glpi-fork/src/RuleCollection.php at line 1665
  Backtrace :
  src/Ticket.php:1960                                RuleCollection->processAllRules()
  src/CommonDBTM.php:1297                            Ticket->prepareInputForAdd()
  front/ticket.form.php:80                           CommonDBTM->add()
  
[2024-05-13 13:02:23] glpiphplog.WARNING:   *** PHP Warning (2): Undefined array key "fields" in /home/romain/TECLIB/DEV/GLPI/glpi-fork/src/RuleCollection.php at line 1665
  Backtrace :
  src/Ticket.php:1960                                RuleCollection->processAllRules()
  src/CommonDBTM.php:1297                            Ticket->prepareInputForAdd()
  front/ticket.form.php:80                           CommonDBTM->add()
  
[2024-05-13 13:02:23] glpiphplog.WARNING:   *** PHP Warning (2): Trying to access array offset on null in /home/romain/TECLIB/DEV/GLPI/glpi-fork/src/RuleCollection.php at line 1665
  Backtrace :
  src/Ticket.php:1960                                RuleCollection->processAllRules()
  src/CommonDBTM.php:1297                            Ticket->prepareInputForAdd()
  front/ticket.form.php:80                           CommonDBTM->add()
  
[2024-05-13 13:02:23] glpiphplog.WARNING:   *** PHP Warning (2): Undefined array key "fields" in /home/romain/TECLIB/DEV/GLPI/glpi-fork/src/RuleCollection.php at line 1665
  Backtrace :
  src/Ticket.php:1960                                RuleCollection->processAllRules()
  src/CommonDBTM.php:1297                            Ticket->prepareInputForAdd()
  front/ticket.form.php:80                           CommonDBTM->add()
  
[2024-05-13 13:02:23] glpiphplog.WARNING:   *** PHP Warning (2): Trying to access array offset on null in /home/romain/TECLIB/DEV/GLPI/glpi-fork/src/RuleCollection.php at line 1665
  Backtrace :
  src/Ticket.php:1960                                RuleCollection->processAllRules()
  src/CommonDBTM.php:1297                            Ticket->prepareInputForAdd()
  front/ticket.form.php:80                           CommonDBTM->add()
  
[2024-05-13 13:02:23] glpiphplog.WARNING:   *** PHP Warning (2): Undefined array key "fields" in /home/romain/TECLIB/DEV/GLPI/glpi-fork/src/RuleCollection.php at line 1665
  Backtrace :
  src/Ticket.php:1960                                RuleCollection->processAllRules()
  src/CommonDBTM.php:1297                            Ticket->prepareInputForAdd()
  front/ticket.form.php:80                           CommonDBTM->add()
  
[2024-05-13 13:02:23] glpiphplog.WARNING:   *** PHP Warning (2): Trying to access array offset on null in /home/romain/TECLIB/DEV/GLPI/glpi-fork/src/RuleCollection.php at line 1665
  Backtrace :
  src/Ticket.php:1960                                RuleCollection->processAllRules()
  src/CommonDBTM.php:1297                            Ticket->prepareInputForAdd()
  front/ticket.form.php:80                           CommonDBTM->add()
  
[2024-05-13 13:02:23] glpiphplog.WARNING:   *** PHP Warning (2): Undefined array key "fields" in /home/romain/TECLIB/DEV/GLPI/glpi-fork/src/RuleCollection.php at line 1665
  Backtrace :
  src/Ticket.php:1960                                RuleCollection->processAllRules()
  src/CommonDBTM.php:1297                            Ticket->prepareInputForAdd()
  front/ticket.form.php:80                           CommonDBTM->add()
  
[2024-05-13 13:02:23] glpiphplog.WARNING:   *** PHP Warning (2): Trying to access array offset on null in /home/romain/TECLIB/DEV/GLPI/glpi-fork/src/RuleCollection.php at line 1665
  Backtrace :
  src/Ticket.php:1960                                RuleCollection->processAllRules()
  src/CommonDBTM.php:1297                            Ticket->prepareInputForAdd()
  front/ticket.form.php:80                           CommonDBTM->add()
  
[2024-05-13 13:02:23] glpiphplog.WARNING:   *** PHP Warning (2): Undefined array key "fields" in /home/romain/TECLIB/DEV/GLPI/glpi-fork/src/RuleCollection.php at line 1665
  Backtrace :
  src/Ticket.php:1960                                RuleCollection->processAllRules()
  src/CommonDBTM.php:1297                            Ticket->prepareInputForAdd()
  front/ticket.form.php:80                           CommonDBTM->add()
  
[2024-05-13 13:02:23] glpiphplog.WARNING:   *** PHP Warning (2): Trying to access array offset on null in /home/romain/TECLIB/DEV/GLPI/glpi-fork/src/RuleCollection.php at line 1665
  Backtrace :
  src/Ticket.php:1960                                RuleCollection->processAllRules()
  src/CommonDBTM.php:1297                            Ticket->prepareInputForAdd()
  front/ticket.form.php:80                           CommonDBTM->add()
  
[2024-05-13 13:02:23] glpiphplog.WARNING:   *** PHP Warning (2): Undefined array key "fields" in /home/romain/TECLIB/DEV/GLPI/glpi-fork/src/RuleCollection.php at line 1665
  Backtrace :
  src/Ticket.php:1960                                RuleCollection->processAllRules()
  src/CommonDBTM.php:1297                            Ticket->prepareInputForAdd()
  front/ticket.form.php:80                           CommonDBTM->add()
  
[2024-05-13 13:02:23] glpiphplog.WARNING:   *** PHP Warning (2): Trying to access array offset on null in /home/romain/TECLIB/DEV/GLPI/glpi-fork/src/RuleCollection.php at line 1665
  Backtrace :
  src/Ticket.php:1960                                RuleCollection->processAllRules()
  src/CommonDBTM.php:1297                            Ticket->prepareInputForAdd()
  front/ticket.form.php:80                           CommonDBTM->add()
  
[2024-05-13 13:02:23] glpiphplog.WARNING:   *** PHP Warning (2): Undefined array key "fields" in /home/romain/TECLIB/DEV/GLPI/glpi-fork/src/RuleCollection.php at line 1665
  Backtrace :
  src/Ticket.php:1960                                RuleCollection->processAllRules()
  src/CommonDBTM.php:1297                            Ticket->prepareInputForAdd()
  front/ticket.form.php:80                           CommonDBTM->add()
  
[2024-05-13 13:02:23] glpiphplog.WARNING:   *** PHP Warning (2): Trying to access array offset on null in /home/romain/TECLIB/DEV/GLPI/glpi-fork/src/RuleCollection.php at line 1665
  Backtrace :
  src/Ticket.php:1960                                RuleCollection->processAllRules()
  src/CommonDBTM.php:1297                            Ticket->prepareInputForAdd()
  front/ticket.form.php:80                           CommonDBTM->add()
  
[2024-05-13 13:02:23] glpiphplog.WARNING:   *** PHP Warning (2): Undefined array key "fields" in /home/romain/TECLIB/DEV/GLPI/glpi-fork/src/RuleCollection.php at line 1665
  Backtrace :
  src/Ticket.php:1960                                RuleCollection->processAllRules()
  src/CommonDBTM.php:1297                            Ticket->prepareInputForAdd()
  front/ticket.form.php:80                           CommonDBTM->add()
  
[2024-05-13 13:02:23] glpiphplog.WARNING:   *** PHP Warning (2): Trying to access array offset on null in /home/romain/TECLIB/DEV/GLPI/glpi-fork/src/RuleCollection.php at line 1665
  Backtrace :
  src/Ticket.php:1960                                RuleCollection->processAllRules()
  src/CommonDBTM.php:1297                            Ticket->prepareInputForAdd()
  front/ticket.form.php:80                           CommonDBTM->add()
  
[2024-05-13 13:02:23] glpiphplog.WARNING:   *** PHP Warning (2): Undefined array key "fields" in /home/romain/TECLIB/DEV/GLPI/glpi-fork/src/RuleCollection.php at line 1665
  Backtrace :
  src/Ticket.php:1960                                RuleCollection->processAllRules()
  src/CommonDBTM.php:1297                            Ticket->prepareInputForAdd()
  front/ticket.form.php:80                           CommonDBTM->add()
  
[2024-05-13 13:02:23] glpiphplog.WARNING:   *** PHP Warning (2): Trying to access array offset on null in /home/romain/TECLIB/DEV/GLPI/glpi-fork/src/RuleCollection.php at line 1665
  Backtrace :
  src/Ticket.php:1960                                RuleCollection->processAllRules()
  src/CommonDBTM.php:1297                            Ticket->prepareInputForAdd()
  front/ticket.form.php:80                           CommonDBTM->add()
  
[2024-05-13 13:02:23] glpiphplog.WARNING:   *** PHP Warning (2): Undefined array key "fields" in /home/romain/TECLIB/DEV/GLPI/glpi-fork/src/RuleCollection.php at line 1665
  Backtrace :
  src/Ticket.php:1960                                RuleCollection->processAllRules()
  src/CommonDBTM.php:1297                            Ticket->prepareInputForAdd()
  front/ticket.form.php:80                           CommonDBTM->add()
  
[2024-05-13 13:02:23] glpiphplog.WARNING:   *** PHP Warning (2): Trying to access array offset on null in /home/romain/TECLIB/DEV/GLPI/glpi-fork/src/RuleCollection.php at line 1665
  Backtrace :
  src/Ticket.php:1960                                RuleCollection->processAllRules()
  src/CommonDBTM.php:1297                            Ticket->prepareInputForAdd()
  front/ticket.form.php:80                           CommonDBTM->add()
  
[2024-05-13 13:02:23] glpiphplog.WARNING:   *** PHP Warning (2): Undefined array key "fields" in /home/romain/TECLIB/DEV/GLPI/glpi-fork/src/RuleCollection.php at line 1665
  Backtrace :
  src/Ticket.php:1960                                RuleCollection->processAllRules()
  src/CommonDBTM.php:1297                            Ticket->prepareInputForAdd()
  front/ticket.form.php:80                           CommonDBTM->add()
  
[2024-05-13 13:02:23] glpiphplog.WARNING:   *** PHP Warning (2): Trying to access array offset on null in /home/romain/TECLIB/DEV/GLPI/glpi-fork/src/RuleCollection.php at line 1665
  Backtrace :
  src/Ticket.php:1960                                RuleCollection->processAllRules()
  src/CommonDBTM.php:1297                            Ticket->prepareInputForAdd()
  front/ticket.form.php:80                           CommonDBTM->add()
  
[2024-05-13 13:02:23] glpiphplog.WARNING:   *** PHP Warning (2): Undefined array key "fields" in /home/romain/TECLIB/DEV/GLPI/glpi-fork/src/RuleCollection.php at line 1665
  Backtrace :
  src/Ticket.php:1960                                RuleCollection->processAllRules()
  src/CommonDBTM.php:1297                            Ticket->prepareInputForAdd()
  front/ticket.form.php:80                           CommonDBTM->add()
  
[2024-05-13 13:02:23] glpiphplog.WARNING:   *** PHP Warning (2): Trying to access array offset on null in /home/romain/TECLIB/DEV/GLPI/glpi-fork/src/RuleCollection.php at line 1665
  Backtrace :
  src/Ticket.php:1960                                RuleCollection->processAllRules()
  src/CommonDBTM.php:1297                            Ticket->prepareInputForAdd()
  front/ticket.form.php:80                           CommonDBTM->add()
  
[2024-05-13 13:02:23] glpiphplog.WARNING:   *** PHP Warning (2): Undefined array key "fields" in /home/romain/TECLIB/DEV/GLPI/glpi-fork/src/RuleCollection.php at line 1665
  Backtrace :
  src/Ticket.php:1960                                RuleCollection->processAllRules()
  src/CommonDBTM.php:1297                            Ticket->prepareInputForAdd()
  front/ticket.form.php:80                           CommonDBTM->add()
  
[2024-05-13 13:02:23] glpiphplog.WARNING:   *** PHP Warning (2): Trying to access array offset on null in /home/romain/TECLIB/DEV/GLPI/glpi-fork/src/RuleCollection.php at line 1665
  Backtrace :
  src/Ticket.php:1960                                RuleCollection->processAllRules()
  src/CommonDBTM.php:1297                            Ticket->prepareInputForAdd()
  front/ticket.form.php:80                           CommonDBTM->add()
  
[2024-05-13 13:02:23] glpiphplog.WARNING:   *** PHP Warning (2): Undefined array key "fields" in /home/romain/TECLIB/DEV/GLPI/glpi-fork/src/RuleCollection.php at line 1665
  Backtrace :
  src/Ticket.php:1960                                RuleCollection->processAllRules()
  src/CommonDBTM.php:1297                            Ticket->prepareInputForAdd()
  front/ticket.form.php:80                           CommonDBTM->add()
  
[2024-05-13 13:02:23] glpiphplog.WARNING:   *** PHP Warning (2): Trying to access array offset on null in /home/romain/TECLIB/DEV/GLPI/glpi-fork/src/RuleCollection.php at line 1665
  Backtrace :
  src/Ticket.php:1960                                RuleCollection->processAllRules()
  src/CommonDBTM.php:1297                            Ticket->prepareInputForAdd()
  front/ticket.form.php:80                           CommonDBTM->add()
  
[2024-05-13 13:02:23] glpiphplog.WARNING:   *** PHP Warning (2): Undefined array key "fields" in /home/romain/TECLIB/DEV/GLPI/glpi-fork/src/RuleCollection.php at line 1665
  Backtrace :
  src/Ticket.php:1960                                RuleCollection->processAllRules()
  src/CommonDBTM.php:1297                            Ticket->prepareInputForAdd()
  front/ticket.form.php:80                           CommonDBTM->add()
  
[2024-05-13 13:02:23] glpiphplog.WARNING:   *** PHP Warning (2): Trying to access array offset on null in /home/romain/TECLIB/DEV/GLPI/glpi-fork/src/RuleCollection.php at line 1665
  Backtrace :
  src/Ticket.php:1960                                RuleCollection->processAllRules()
  src/CommonDBTM.php:1297                            Ticket->prepareInputForAdd()
  front/ticket.form.php:80                           CommonDBTM->add()
  
[2024-05-13 13:02:23] glpiphplog.WARNING:   *** PHP Warning (2): Undefined array key "fields" in /home/romain/TECLIB/DEV/GLPI/glpi-fork/src/RuleCollection.php at line 1665
  Backtrace :
  src/Ticket.php:1960                                RuleCollection->processAllRules()
  src/CommonDBTM.php:1297                            Ticket->prepareInputForAdd()
  front/ticket.form.php:80                           CommonDBTM->add()
  
[2024-05-13 13:02:23] glpiphplog.WARNING:   *** PHP Warning (2): Trying to access array offset on null in /home/romain/TECLIB/DEV/GLPI/glpi-fork/src/RuleCollection.php at line 1665
  Backtrace :
  src/Ticket.php:1960                                RuleCollection->processAllRules()
  src/CommonDBTM.php:1297                            Ticket->prepareInputForAdd()
  front/ticket.form.php:80                           CommonDBTM->add()
  
[2024-05-13 13:02:23] glpiphplog.WARNING:   *** PHP Warning (2): Undefined array key "fields" in /home/romain/TECLIB/DEV/GLPI/glpi-fork/src/RuleCollection.php at line 1665
  Backtrace :
  src/Ticket.php:1960                                RuleCollection->processAllRules()
  src/CommonDBTM.php:1297                            Ticket->prepareInputForAdd()
  front/ticket.form.php:80                           CommonDBTM->add()
  
[2024-05-13 13:02:23] glpiphplog.WARNING:   *** PHP Warning (2): Trying to access array offset on null in /home/romain/TECLIB/DEV/GLPI/glpi-fork/src/RuleCollection.php at line 1665
  Backtrace :
  src/Ticket.php:1960                                RuleCollection->processAllRules()
  src/CommonDBTM.php:1297                            Ticket->prepareInputForAdd()
  front/ticket.form.php:80                           CommonDBTM->add()
  
[2024-05-13 13:02:23] glpiphplog.WARNING:   *** PHP Warning (2): Undefined array key "fields" in /home/romain/TECLIB/DEV/GLPI/glpi-fork/src/RuleCollection.php at line 1665
  Backtrace :
  src/Ticket.php:1960                                RuleCollection->processAllRules()
  src/CommonDBTM.php:1297                            Ticket->prepareInputForAdd()
  front/ticket.form.php:80                           CommonDBTM->add()
  
[2024-05-13 13:02:23] glpiphplog.WARNING:   *** PHP Warning (2): Trying to access array offset on null in /home/romain/TECLIB/DEV/GLPI/glpi-fork/src/RuleCollection.php at line 1665
  Backtrace :
  src/Ticket.php:1960                                RuleCollection->processAllRules()
  src/CommonDBTM.php:1297                            Ticket->prepareInputForAdd()
  front/ticket.form.php:80                           CommonDBTM->add()
  
[2024-05-13 13:02:23] glpiphplog.WARNING:   *** PHP Warning (2): Undefined array key "fields" in /home/romain/TECLIB/DEV/GLPI/glpi-fork/src/RuleCollection.php at line 1665
  Backtrace :
  src/Ticket.php:1960                                RuleCollection->processAllRules()
  src/CommonDBTM.php:1297                            Ticket->prepareInputForAdd()
  front/ticket.form.php:80                           CommonDBTM->add()
  
[2024-05-13 13:02:23] glpiphplog.WARNING:   *** PHP Warning (2): Trying to access array offset on null in /home/romain/TECLIB/DEV/GLPI/glpi-fork/src/RuleCollection.php at line 1665
  Backtrace :
  src/Ticket.php:1960                                RuleCollection->processAllRules()
  src/CommonDBTM.php:1297                            Ticket->prepareInputForAdd()
  front/ticket.form.php:80                           CommonDBTM->add()
  
[2024-05-13 13:02:23] glpiphplog.WARNING:   *** PHP Warning (2): Undefined array key "fields" in /home/romain/TECLIB/DEV/GLPI/glpi-fork/src/RuleCollection.php at line 1665
  Backtrace :
  src/Ticket.php:1960                                RuleCollection->processAllRules()
  src/CommonDBTM.php:1297                            Ticket->prepareInputForAdd()
  front/ticket.form.php:80                           CommonDBTM->add()
  
[2024-05-13 13:02:23] glpiphplog.WARNING:   *** PHP Warning (2): Trying to access array offset on null in /home/romain/TECLIB/DEV/GLPI/glpi-fork/src/RuleCollection.php at line 1665
  Backtrace :
  src/Ticket.php:1960                                RuleCollection->processAllRules()
  src/CommonDBTM.php:1297                            Ticket->prepareInputForAdd()
  front/ticket.form.php:80                           CommonDBTM->add()
  
[2024-05-13 13:02:23] glpiphplog.WARNING:   *** PHP Warning (2): Undefined array key "fields" in /home/romain/TECLIB/DEV/GLPI/glpi-fork/src/RuleCollection.php at line 1665
  Backtrace :
  src/Ticket.php:1960                                RuleCollection->processAllRules()
  src/CommonDBTM.php:1297                            Ticket->prepareInputForAdd()
  front/ticket.form.php:80                           CommonDBTM->add()
  
[2024-05-13 13:02:23] glpiphplog.WARNING:   *** PHP Warning (2): Trying to access array offset on null in /home/romain/TECLIB/DEV/GLPI/glpi-fork/src/RuleCollection.php at line 1665
  Backtrace :
  src/Ticket.php:1960                                RuleCollection->processAllRules()
  src/CommonDBTM.php:1297                            Ticket->prepareInputForAdd()
  front/ticket.form.php:80                           CommonDBTM->add()
  
[2024-05-13 13:02:23] glpiphplog.WARNING:   *** PHP Warning (2): Undefined array key "fields" in /home/romain/TECLIB/DEV/GLPI/glpi-fork/src/RuleCollection.php at line 1665
  Backtrace :
  src/Ticket.php:1960                                RuleCollection->processAllRules()
  src/CommonDBTM.php:1297                            Ticket->prepareInputForAdd()
  front/ticket.form.php:80                           CommonDBTM->add()
  
[2024-05-13 13:02:23] glpiphplog.WARNING:   *** PHP Warning (2): Trying to access array offset on null in /home/romain/TECLIB/DEV/GLPI/glpi-fork/src/RuleCollection.php at line 1665
  Backtrace :
  src/Ticket.php:1960                                RuleCollection->processAllRules()
  src/CommonDBTM.php:1297                            Ticket->prepareInputForAdd()
  front/ticket.form.php:80                           CommonDBTM->add()
  
[2024-05-13 13:02:23] glpiphplog.WARNING:   *** PHP Warning (2): Undefined array key "fields" in /home/romain/TECLIB/DEV/GLPI/glpi-fork/src/RuleCollection.php at line 1665
  Backtrace :
  src/Ticket.php:1960                                RuleCollection->processAllRules()
  src/CommonDBTM.php:1297                            Ticket->prepareInputForAdd()
  front/ticket.form.php:80                           CommonDBTM->add()
  
[2024-05-13 13:02:23] glpiphplog.WARNING:   *** PHP Warning (2): Trying to access array offset on null in /home/romain/TECLIB/DEV/GLPI/glpi-fork/src/RuleCollection.php at line 1665
  Backtrace :
  src/Ticket.php:1960                                RuleCollection->processAllRules()
  src/CommonDBTM.php:1297                            Ticket->prepareInputForAdd()
  front/ticket.form.php:80                           CommonDBTM->add()
  
[2024-05-13 13:02:23] glpiphplog.WARNING:   *** PHP Warning (2): Undefined array key "fields" in /home/romain/TECLIB/DEV/GLPI/glpi-fork/src/RuleCollection.php at line 1665
  Backtrace :
  src/Ticket.php:1960                                RuleCollection->processAllRules()
  src/CommonDBTM.php:1297                            Ticket->prepareInputForAdd()
  front/ticket.form.php:80                           CommonDBTM->add()
  
[2024-05-13 13:02:23] glpiphplog.WARNING:   *** PHP Warning (2): Trying to access array offset on null in /home/romain/TECLIB/DEV/GLPI/glpi-fork/src/RuleCollection.php at line 1665
  Backtrace :
  src/Ticket.php:1960                                RuleCollection->processAllRules()
  src/CommonDBTM.php:1297                            Ticket->prepareInputForAdd()
  front/ticket.form.php:80                           CommonDBTM->add()
  
[2024-05-13 13:02:23] glpiphplog.WARNING:   *** PHP Warning (2): Undefined array key "fields" in /home/romain/TECLIB/DEV/GLPI/glpi-fork/src/RuleCollection.php at line 1665
  Backtrace :
  src/Ticket.php:1960                                RuleCollection->processAllRules()
  src/CommonDBTM.php:1297                            Ticket->prepareInputForAdd()
  front/ticket.form.php:80                           CommonDBTM->add()
  
[2024-05-13 13:02:23] glpiphplog.WARNING:   *** PHP Warning (2): Trying to access array offset on null in /home/romain/TECLIB/DEV/GLPI/glpi-fork/src/RuleCollection.php at line 1665
  Backtrace :
  src/Ticket.php:1960                                RuleCollection->processAllRules()
  src/CommonDBTM.php:1297                            Ticket->prepareInputForAdd()
  front/ticket.form.php:80                           CommonDBTM->add()
  
[2024-05-13 13:02:23] glpiphplog.WARNING:   *** PHP Warning (2): Undefined array key "fields" in /home/romain/TECLIB/DEV/GLPI/glpi-fork/src/RuleCollection.php at line 1665
  Backtrace :
  src/Ticket.php:1960                                RuleCollection->processAllRules()
  src/CommonDBTM.php:1297                            Ticket->prepareInputForAdd()
  front/ticket.form.php:80                           CommonDBTM->add()
  
[2024-05-13 13:02:23] glpiphplog.WARNING:   *** PHP Warning (2): Trying to access array offset on null in /home/romain/TECLIB/DEV/GLPI/glpi-fork/src/RuleCollection.php at line 1665
  Backtrace :
  src/Ticket.php:1960                                RuleCollection->processAllRules()
  src/CommonDBTM.php:1297                            Ticket->prepareInputForAdd()
  front/ticket.form.php:80                           CommonDBTM->add()
  
[2024-05-13 13:02:23] glpiphplog.WARNING:   *** PHP Warning (2): Undefined array key "fields" in /home/romain/TECLIB/DEV/GLPI/glpi-fork/src/RuleCollection.php at line 1665
  Backtrace :
  src/Ticket.php:1960                                RuleCollection->processAllRules()
  src/CommonDBTM.php:1297                            Ticket->prepareInputForAdd()
  front/ticket.form.php:80                           CommonDBTM->add()
  
[2024-05-13 13:02:23] glpiphplog.WARNING:   *** PHP Warning (2): Trying to access array offset on null in /home/romain/TECLIB/DEV/GLPI/glpi-fork/src/RuleCollection.php at line 1665
  Backtrace :
  src/Ticket.php:1960                                RuleCollection->processAllRules()
  src/CommonDBTM.php:1297                            Ticket->prepareInputForAdd()
  front/ticket.form.php:80                           CommonDBTM->add()
  
[2024-05-13 13:02:23] glpiphplog.WARNING:   *** PHP Warning (2): Undefined array key "fields" in /home/romain/TECLIB/DEV/GLPI/glpi-fork/src/RuleCollection.php at line 1665
  Backtrace :
  src/Ticket.php:1960                                RuleCollection->processAllRules()
  src/CommonDBTM.php:1297                            Ticket->prepareInputForAdd()
  front/ticket.form.php:80                           CommonDBTM->add()
  
[2024-05-13 13:02:23] glpiphplog.WARNING:   *** PHP Warning (2): Trying to access array offset on null in /home/romain/TECLIB/DEV/GLPI/glpi-fork/src/RuleCollection.php at line 1665
  Backtrace :
  src/Ticket.php:1960                                RuleCollection->processAllRules()
  src/CommonDBTM.php:1297                            Ticket->prepareInputForAdd()
  front/ticket.form.php:80                           CommonDBTM->add()
  
[2024-05-13 13:02:23] glpiphplog.WARNING:   *** PHP Warning (2): Undefined array key "fields" in /home/romain/TECLIB/DEV/GLPI/glpi-fork/src/RuleCollection.php at line 1665
  Backtrace :
  src/Ticket.php:1960                                RuleCollection->processAllRules()
  src/CommonDBTM.php:1297                            Ticket->prepareInputForAdd()
  front/ticket.form.php:80                           CommonDBTM->add()
  
[2024-05-13 13:02:23] glpiphplog.WARNING:   *** PHP Warning (2): Trying to access array offset on null in /home/romain/TECLIB/DEV/GLPI/glpi-fork/src/RuleCollection.php at line 1665
  Backtrace :
  src/Ticket.php:1960                                RuleCollection->processAllRules()
  src/CommonDBTM.php:1297                            Ticket->prepareInputForAdd()
  front/ticket.form.php:80                           CommonDBTM->add()
  
[2024-05-13 13:02:23] glpiphplog.WARNING:   *** PHP Warning (2): Undefined array key "fields" in /home/romain/TECLIB/DEV/GLPI/glpi-fork/src/RuleCollection.php at line 1665
  Backtrace :
  src/Ticket.php:1960                                RuleCollection->processAllRules()
  src/CommonDBTM.php:1297                            Ticket->prepareInputForAdd()
  front/ticket.form.php:80                           CommonDBTM->add()
  
[2024-05-13 13:02:23] glpiphplog.WARNING:   *** PHP Warning (2): Trying to access array offset on null in /home/romain/TECLIB/DEV/GLPI/glpi-fork/src/RuleCollection.php at line 1665
  Backtrace :
  src/Ticket.php:1960                                RuleCollection->processAllRules()
  src/CommonDBTM.php:1297                            Ticket->prepareInputForAdd()
  front/ticket.form.php:80                           CommonDBTM->add()
  
[2024-05-13 13:02:23] glpiphplog.WARNING:   *** PHP Warning (2): Undefined array key "fields" in /home/romain/TECLIB/DEV/GLPI/glpi-fork/src/RuleCollection.php at line 1665
  Backtrace :
  src/Ticket.php:1960                                RuleCollection->processAllRules()
  src/CommonDBTM.php:1297                            Ticket->prepareInputForAdd()
  front/ticket.form.php:80                           CommonDBTM->add()
  
[2024-05-13 13:02:23] glpiphplog.WARNING:   *** PHP Warning (2): Trying to access array offset on null in /home/romain/TECLIB/DEV/GLPI/glpi-fork/src/RuleCollection.php at line 1665
  Backtrace :
  src/Ticket.php:1960                                RuleCollection->processAllRules()
  src/CommonDBTM.php:1297                            Ticket->prepareInputForAdd()
  front/ticket.form.php:80                           CommonDBTM->add()
  
[2024-05-13 13:06:00] glpiphplog.WARNING:   *** PHP Warning (2): Undefined array key "fields" in /home/romain/TECLIB/DEV/GLPI/glpi-fork/src/RuleCollection.php at line 1665
  Backtrace :
  src/Ticket.php:1960                                RuleCollection->processAllRules()
  src/CommonDBTM.php:1297                            Ticket->prepareInputForAdd()
  front/ticket.form.php:80                           CommonDBTM->add()
  
[2024-05-13 13:06:01] glpiphplog.WARNING:   *** PHP Warning (2): Trying to access array offset on null in /home/romain/TECLIB/DEV/GLPI/glpi-fork/src/RuleCollection.php at line 1665
  Backtrace :
  src/Ticket.php:1960                                RuleCollection->processAllRules()
  src/CommonDBTM.php:1297                            Ticket->prepareInputForAdd()
  front/ticket.form.php:80                           CommonDBTM->add()
  
[2024-05-13 13:06:05] glpiphplog.WARNING:   *** PHP Warning (2): Undefined array key "fields" in /home/romain/TECLIB/DEV/GLPI/glpi-fork/src/RuleCollection.php at line 1665
  Backtrace :
  src/Ticket.php:1960                                RuleCollection->processAllRules()
  src/CommonDBTM.php:1297                            Ticket->prepareInputForAdd()
  front/ticket.form.php:80                           CommonDBTM->add()
  
[2024-05-13 13:06:06] glpiphplog.WARNING:   *** PHP Warning (2): Trying to access array offset on null in /home/romain/TECLIB/DEV/GLPI/glpi-fork/src/RuleCollection.php at line 1665
  Backtrace :
  src/Ticket.php:1960                                RuleCollection->processAllRules()
  src/CommonDBTM.php:1297                            Ticket->prepareInputForAdd()
  front/ticket.form.php:80                           CommonDBTM->add()
  
[2024-05-13 13:06:15] glpiphplog.WARNING:   *** PHP Warning (2): Undefined array key "fields" in /home/romain/TECLIB/DEV/GLPI/glpi-fork/src/RuleCollection.php at line 1665
  Backtrace :
  src/Ticket.php:1960                                RuleCollection->processAllRules()
  src/CommonDBTM.php:1297                            Ticket->prepareInputForAdd()
  front/ticket.form.php:80                           CommonDBTM->add()
  
[2024-05-13 13:06:16] glpiphplog.WARNING:   *** PHP Warning (2): Trying to access array offset on null in /home/romain/TECLIB/DEV/GLPI/glpi-fork/src/RuleCollection.php at line 1665
  Backtrace :
  src/Ticket.php:1960                                RuleCollection->processAllRules()
  src/CommonDBTM.php:1297                            Ticket->prepareInputForAdd()
  front/ticket.form.php:80                           CommonDBTM->add()
  
[2024-05-13 13:07:45] glpiphplog.WARNING:   *** PHP Warning (2): Undefined array key "fields" in /home/romain/TECLIB/DEV/GLPI/glpi-fork/src/RuleCollection.php at line 1665
  Backtrace :
  src/Ticket.php:1960                                RuleCollection->processAllRules()
  src/CommonDBTM.php:1297                            Ticket->prepareInputForAdd()
  front/ticket.form.php:80                           CommonDBTM->add()
  
[2024-05-13 13:07:46] glpiphplog.WARNING:   *** PHP Warning (2): Trying to access array offset on null in /home/romain/TECLIB/DEV/GLPI/glpi-fork/src/RuleCollection.php at line 1665
  Backtrace :
  src/Ticket.php:1960                                RuleCollection->processAllRules()
  src/CommonDBTM.php:1297                            Ticket->prepareInputForAdd()
  front/ticket.form.php:80                           CommonDBTM->add()
  
[2024-05-13 13:07:58] glpiphplog.WARNING:   *** PHP Warning (2): Undefined array key "fields" in /home/romain/TECLIB/DEV/GLPI/glpi-fork/src/RuleCollection.php at line 1665
  Backtrace :
  src/Ticket.php:1960                                RuleCollection->processAllRules()
  src/CommonDBTM.php:1297                            Ticket->prepareInputForAdd()
  front/ticket.form.php:80                           CommonDBTM->add()
  
[2024-05-13 13:07:58] glpiphplog.WARNING:   *** PHP Warning (2): Trying to access array offset on null in /home/romain/TECLIB/DEV/GLPI/glpi-fork/src/RuleCollection.php at line 1665
  Backtrace :
  src/Ticket.php:1960                                RuleCollection->processAllRules()
  src/CommonDBTM.php:1297                            Ticket->prepareInputForAdd()
  front/ticket.form.php:80                           CommonDBTM->add()
  
[2024-05-13 13:08:00] glpiphplog.WARNING:   *** PHP Warning (2): Undefined array key "fields" in /home/romain/TECLIB/DEV/GLPI/glpi-fork/src/RuleCollection.php at line 1665
  Backtrace :
  src/Ticket.php:1960                                RuleCollection->processAllRules()
  src/CommonDBTM.php:1297                            Ticket->prepareInputForAdd()
  front/ticket.form.php:80                           CommonDBTM->add()
  
[2024-05-13 13:08:00] glpiphplog.WARNING:   *** PHP Warning (2): Trying to access array offset on null in /home/romain/TECLIB/DEV/GLPI/glpi-fork/src/RuleCollection.php at line 1665
  Backtrace :
  src/Ticket.php:1960                                RuleCollection->processAllRules()
  src/CommonDBTM.php:1297                            Ticket->prepareInputForAdd()
  front/ticket.form.php:80                           CommonDBTM->add()
  
[2024-05-13 13:08:03] glpiphplog.WARNING:   *** PHP Warning (2): Undefined array key "fields" in /home/romain/TECLIB/DEV/GLPI/glpi-fork/src/RuleCollection.php at line 1665
  Backtrace :
  src/Ticket.php:1960                                RuleCollection->processAllRules()
  src/CommonDBTM.php:1297                            Ticket->prepareInputForAdd()
  front/ticket.form.php:80                           CommonDBTM->add()
  
[2024-05-13 13:08:03] glpiphplog.WARNING:   *** PHP Warning (2): Trying to access array offset on null in /home/romain/TECLIB/DEV/GLPI/glpi-fork/src/RuleCollection.php at line 1665
  Backtrace :
  src/Ticket.php:1960                                RuleCollection->processAllRules()
  src/CommonDBTM.php:1297                            Ticket->prepareInputForAdd()
  front/ticket.form.php:80                           CommonDBTM->add()
  
[2024-05-13 13:08:04] glpiphplog.WARNING:   *** PHP Warning (2): Undefined array key "fields" in /home/romain/TECLIB/DEV/GLPI/glpi-fork/src/RuleCollection.php at line 1665
  Backtrace :
  src/Ticket.php:1960                                RuleCollection->processAllRules()
  src/CommonDBTM.php:1297                            Ticket->prepareInputForAdd()
  front/ticket.form.php:80                           CommonDBTM->add()
  
[2024-05-13 13:08:04] glpiphplog.WARNING:   *** PHP Warning (2): Trying to access array offset on null in /home/romain/TECLIB/DEV/GLPI/glpi-fork/src/RuleCollection.php at line 1665
  Backtrace :
  src/Ticket.php:1960                                RuleCollection->processAllRules()
  src/CommonDBTM.php:1297                            Ticket->prepareInputForAdd()
  front/ticket.form.php:80                           CommonDBTM->add()
  
[2024-05-13 13:08:06] glpiphplog.WARNING:   *** PHP Warning (2): Undefined array key "fields" in /home/romain/TECLIB/DEV/GLPI/glpi-fork/src/RuleCollection.php at line 1665
  Backtrace :
  src/Ticket.php:1960                                RuleCollection->processAllRules()
  src/CommonDBTM.php:1297                            Ticket->prepareInputForAdd()
  front/ticket.form.php:80                           CommonDBTM->add()
  
[2024-05-13 13:08:06] glpiphplog.WARNING:   *** PHP Warning (2): Trying to access array offset on null in /home/romain/TECLIB/DEV/GLPI/glpi-fork/src/RuleCollection.php at line 1665
  Backtrace :
  src/Ticket.php:1960                                RuleCollection->processAllRules()
  src/CommonDBTM.php:1297                            Ticket->prepareInputForAdd()
  front/ticket.form.php:80                           CommonDBTM->add()
  
[2024-05-13 13:08:07] glpiphplog.WARNING:   *** PHP Warning (2): Undefined array key "fields" in /home/romain/TECLIB/DEV/GLPI/glpi-fork/src/RuleCollection.php at line 1665
  Backtrace :
  src/Ticket.php:1960                                RuleCollection->processAllRules()
  src/CommonDBTM.php:1297                            Ticket->prepareInputForAdd()
  front/ticket.form.php:80                           CommonDBTM->add()
  
[2024-05-13 13:08:07] glpiphplog.WARNING:   *** PHP Warning (2): Trying to access array offset on null in /home/romain/TECLIB/DEV/GLPI/glpi-fork/src/RuleCollection.php at line 1665
  Backtrace :
  src/Ticket.php:1960                                RuleCollection->processAllRules()
  src/CommonDBTM.php:1297                            Ticket->prepareInputForAdd()
  front/ticket.form.php:80                           CommonDBTM->add()
  
[2024-05-13 13:08:08] glpiphplog.WARNING:   *** PHP Warning (2): Undefined array key "fields" in /home/romain/TECLIB/DEV/GLPI/glpi-fork/src/RuleCollection.php at line 1665
  Backtrace :
  src/Ticket.php:1960                                RuleCollection->processAllRules()
  src/CommonDBTM.php:1297                            Ticket->prepareInputForAdd()
  front/ticket.form.php:80                           CommonDBTM->add()
  
[2024-05-13 13:08:08] glpiphplog.WARNING:   *** PHP Warning (2): Trying to access array offset on null in /home/romain/TECLIB/DEV/GLPI/glpi-fork/src/RuleCollection.php at line 1665
  Backtrace :
  src/Ticket.php:1960                                RuleCollection->processAllRules()
  src/CommonDBTM.php:1297                            Ticket->prepareInputForAdd()
  front/ticket.form.php:80                           CommonDBTM->add()
  
[2024-05-13 13:08:11] glpiphplog.WARNING:   *** PHP Warning (2): Undefined array key "fields" in /home/romain/TECLIB/DEV/GLPI/glpi-fork/src/RuleCollection.php at line 1665
  Backtrace :
  src/Ticket.php:1960                                RuleCollection->processAllRules()
  src/CommonDBTM.php:1297                            Ticket->prepareInputForAdd()
  front/ticket.form.php:80                           CommonDBTM->add()
  
[2024-05-13 13:08:11] glpiphplog.WARNING:   *** PHP Warning (2): Trying to access array offset on null in /home/romain/TECLIB/DEV/GLPI/glpi-fork/src/RuleCollection.php at line 1665
  Backtrace :
  src/Ticket.php:1960                                RuleCollection->processAllRules()
  src/CommonDBTM.php:1297                            Ticket->prepareInputForAdd()
  front/ticket.form.php:80                           CommonDBTM->add()
  
[2024-05-13 13:08:13] glpiphplog.WARNING:   *** PHP Warning (2): Undefined array key "fields" in /home/romain/TECLIB/DEV/GLPI/glpi-fork/src/RuleCollection.php at line 1665
  Backtrace :
  src/Ticket.php:1960                                RuleCollection->processAllRules()
  src/CommonDBTM.php:1297                            Ticket->prepareInputForAdd()
  front/ticket.form.php:80                           CommonDBTM->add()
  
[2024-05-13 13:08:13] glpiphplog.WARNING:   *** PHP Warning (2): Trying to access array offset on null in /home/romain/TECLIB/DEV/GLPI/glpi-fork/src/RuleCollection.php at line 1665
  Backtrace :
  src/Ticket.php:1960                                RuleCollection->processAllRules()
  src/CommonDBTM.php:1297                            Ticket->prepareInputForAdd()
  front/ticket.form.php:80                           CommonDBTM->add()
  
[2024-05-13 13:08:13] glpiphplog.WARNING:   *** PHP Warning (2): Undefined array key "fields" in /home/romain/TECLIB/DEV/GLPI/glpi-fork/src/RuleCollection.php at line 1665
  Backtrace :
  src/Ticket.php:1960                                RuleCollection->processAllRules()
  src/CommonDBTM.php:1297                            Ticket->prepareInputForAdd()
  front/ticket.form.php:80                           CommonDBTM->add()
  
[2024-05-13 13:08:13] glpiphplog.WARNING:   *** PHP Warning (2): Trying to access array offset on null in /home/romain/TECLIB/DEV/GLPI/glpi-fork/src/RuleCollection.php at line 1665
  Backtrace :
  src/Ticket.php:1960                                RuleCollection->processAllRules()
  src/CommonDBTM.php:1297                            Ticket->prepareInputForAdd()
  front/ticket.form.php:80                           CommonDBTM->add()
  
[2024-05-13 13:08:13] glpiphplog.WARNING:   *** PHP Warning (2): Undefined array key "fields" in /home/romain/TECLIB/DEV/GLPI/glpi-fork/src/RuleCollection.php at line 1665
  Backtrace :
  src/Ticket.php:1960                                RuleCollection->processAllRules()
  src/CommonDBTM.php:1297                            Ticket->prepareInputForAdd()
  front/ticket.form.php:80                           CommonDBTM->add()
  
[2024-05-13 13:08:13] glpiphplog.WARNING:   *** PHP Warning (2): Trying to access array offset on null in /home/romain/TECLIB/DEV/GLPI/glpi-fork/src/RuleCollection.php at line 1665
  Backtrace :
  src/Ticket.php:1960                                RuleCollection->processAllRules()
  src/CommonDBTM.php:1297                            Ticket->prepareInputForAdd()
  front/ticket.form.php:80                           CommonDBTM->add()
  
[2024-05-13 13:08:13] glpiphplog.WARNING:   *** PHP Warning (2): Undefined array key "fields" in /home/romain/TECLIB/DEV/GLPI/glpi-fork/src/RuleCollection.php at line 1665
  Backtrace :
  src/Ticket.php:1960                                RuleCollection->processAllRules()
  src/CommonDBTM.php:1297                            Ticket->prepareInputForAdd()
  front/ticket.form.php:80                           CommonDBTM->add()
  
[2024-05-13 13:08:13] glpiphplog.WARNING:   *** PHP Warning (2): Trying to access array offset on null in /home/romain/TECLIB/DEV/GLPI/glpi-fork/src/RuleCollection.php at line 1665
  Backtrace :
  src/Ticket.php:1960                                RuleCollection->processAllRules()
  src/CommonDBTM.php:1297                            Ticket->prepareInputForAdd()
  front/ticket.form.php:80                           CommonDBTM->add()
  
[2024-05-13 13:08:13] glpiphplog.WARNING:   *** PHP Warning (2): Undefined array key "fields" in /home/romain/TECLIB/DEV/GLPI/glpi-fork/src/RuleCollection.php at line 1665
  Backtrace :
  src/Ticket.php:1960                                RuleCollection->processAllRules()
  src/CommonDBTM.php:1297                            Ticket->prepareInputForAdd()
  front/ticket.form.php:80                           CommonDBTM->add()
  
[2024-05-13 13:08:13] glpiphplog.WARNING:   *** PHP Warning (2): Trying to access array offset on null in /home/romain/TECLIB/DEV/GLPI/glpi-fork/src/RuleCollection.php at line 1665
  Backtrace :
  src/Ticket.php:1960                                RuleCollection->processAllRules()
  src/CommonDBTM.php:1297                            Ticket->prepareInputForAdd()
  front/ticket.form.php:80                           CommonDBTM->add()
  
[2024-05-13 13:08:13] glpiphplog.WARNING:   *** PHP Warning (2): Undefined array key "fields" in /home/romain/TECLIB/DEV/GLPI/glpi-fork/src/RuleCollection.php at line 1665
  Backtrace :
  src/Ticket.php:1960                                RuleCollection->processAllRules()
  src/CommonDBTM.php:1297                            Ticket->prepareInputForAdd()
  front/ticket.form.php:80                           CommonDBTM->add()
  
[2024-05-13 13:08:13] glpiphplog.WARNING:   *** PHP Warning (2): Trying to access array offset on null in /home/romain/TECLIB/DEV/GLPI/glpi-fork/src/RuleCollection.php at line 1665
  Backtrace :
  src/Ticket.php:1960                                RuleCollection->processAllRules()
  src/CommonDBTM.php:1297                            Ticket->prepareInputForAdd()
  front/ticket.form.php:80                           CommonDBTM->add()
  
[2024-05-13 13:08:13] glpiphplog.WARNING:   *** PHP Warning (2): Undefined array key "fields" in /home/romain/TECLIB/DEV/GLPI/glpi-fork/src/RuleCollection.php at line 1665
  Backtrace :
  src/Ticket.php:1960                                RuleCollection->processAllRules()
  src/CommonDBTM.php:1297                            Ticket->prepareInputForAdd()
  front/ticket.form.php:80                           CommonDBTM->add()
  
[2024-05-13 13:08:13] glpiphplog.WARNING:   *** PHP Warning (2): Trying to access array offset on null in /home/romain/TECLIB/DEV/GLPI/glpi-fork/src/RuleCollection.php at line 1665
  Backtrace :
  src/Ticket.php:1960                                RuleCollection->processAllRules()
  src/CommonDBTM.php:1297                            Ticket->prepareInputForAdd()
  front/ticket.form.php:80                           CommonDBTM->add()
  
[2024-05-13 13:08:13] glpiphplog.WARNING:   *** PHP Warning (2): Undefined array key "fields" in /home/romain/TECLIB/DEV/GLPI/glpi-fork/src/RuleCollection.php at line 1665
  Backtrace :
  src/Ticket.php:1960                                RuleCollection->processAllRules()
  src/CommonDBTM.php:1297                            Ticket->prepareInputForAdd()
  front/ticket.form.php:80                           CommonDBTM->add()
  
[2024-05-13 13:08:13] glpiphplog.WARNING:   *** PHP Warning (2): Trying to access array offset on null in /home/romain/TECLIB/DEV/GLPI/glpi-fork/src/RuleCollection.php at line 1665
  Backtrace :
  src/Ticket.php:1960                                RuleCollection->processAllRules()
  src/CommonDBTM.php:1297                            Ticket->prepareInputForAdd()
  front/ticket.form.php:80                           CommonDBTM->add()
  
[2024-05-13 13:08:13] glpiphplog.WARNING:   *** PHP Warning (2): Undefined array key "fields" in /home/romain/TECLIB/DEV/GLPI/glpi-fork/src/RuleCollection.php at line 1665
  Backtrace :
  src/Ticket.php:1960                                RuleCollection->processAllRules()
  src/CommonDBTM.php:1297                            Ticket->prepareInputForAdd()
  front/ticket.form.php:80                           CommonDBTM->add()
  
[2024-05-13 13:08:13] glpiphplog.WARNING:   *** PHP Warning (2): Trying to access array offset on null in /home/romain/TECLIB/DEV/GLPI/glpi-fork/src/RuleCollection.php at line 1665
  Backtrace :
  src/Ticket.php:1960                                RuleCollection->processAllRules()
  src/CommonDBTM.php:1297                            Ticket->prepareInputForAdd()
  front/ticket.form.php:80                           CommonDBTM->add()
  
[2024-05-13 13:08:13] glpiphplog.WARNING:   *** PHP Warning (2): Undefined array key "fields" in /home/romain/TECLIB/DEV/GLPI/glpi-fork/src/RuleCollection.php at line 1665
  Backtrace :
  src/Ticket.php:1960                                RuleCollection->processAllRules()
  src/CommonDBTM.php:1297                            Ticket->prepareInputForAdd()
  front/ticket.form.php:80                           CommonDBTM->add()
  
[2024-05-13 13:08:13] glpiphplog.WARNING:   *** PHP Warning (2): Trying to access array offset on null in /home/romain/TECLIB/DEV/GLPI/glpi-fork/src/RuleCollection.php at line 1665
  Backtrace :
  src/Ticket.php:1960                                RuleCollection->processAllRules()
  src/CommonDBTM.php:1297                            Ticket->prepareInputForAdd()
  front/ticket.form.php:80                           CommonDBTM->add()
  
[2024-05-13 13:08:13] glpiphplog.WARNING:   *** PHP Warning (2): Undefined array key "fields" in /home/romain/TECLIB/DEV/GLPI/glpi-fork/src/RuleCollection.php at line 1665
  Backtrace :
  src/Ticket.php:1960                                RuleCollection->processAllRules()
  src/CommonDBTM.php:1297                            Ticket->prepareInputForAdd()
  front/ticket.form.php:80                           CommonDBTM->add()
  
[2024-05-13 13:08:13] glpiphplog.WARNING:   *** PHP Warning (2): Trying to access array offset on null in /home/romain/TECLIB/DEV/GLPI/glpi-fork/src/RuleCollection.php at line 1665
  Backtrace :
  src/Ticket.php:1960                                RuleCollection->processAllRules()
  src/CommonDBTM.php:1297                            Ticket->prepareInputForAdd()
  front/ticket.form.php:80                           CommonDBTM->add()
  
[2024-05-13 13:08:13] glpiphplog.WARNING:   *** PHP Warning (2): Undefined array key "fields" in /home/romain/TECLIB/DEV/GLPI/glpi-fork/src/RuleCollection.php at line 1665
  Backtrace :
  src/Ticket.php:1960                                RuleCollection->processAllRules()
  src/CommonDBTM.php:1297                            Ticket->prepareInputForAdd()
  front/ticket.form.php:80                           CommonDBTM->add()
  
[2024-05-13 13:08:13] glpiphplog.WARNING:   *** PHP Warning (2): Trying to access array offset on null in /home/romain/TECLIB/DEV/GLPI/glpi-fork/src/RuleCollection.php at line 1665
  Backtrace :
  src/Ticket.php:1960                                RuleCollection->processAllRules()
  src/CommonDBTM.php:1297                            Ticket->prepareInputForAdd()
  front/ticket.form.php:80                           CommonDBTM->add()
  
[2024-05-13 13:08:13] glpiphplog.WARNING:   *** PHP Warning (2): Undefined array key "fields" in /home/romain/TECLIB/DEV/GLPI/glpi-fork/src/RuleCollection.php at line 1665
  Backtrace :
  src/Ticket.php:1960                                RuleCollection->processAllRules()
  src/CommonDBTM.php:1297                            Ticket->prepareInputForAdd()
  front/ticket.form.php:80                           CommonDBTM->add()
  
[2024-05-13 13:08:13] glpiphplog.WARNING:   *** PHP Warning (2): Trying to access array offset on null in /home/romain/TECLIB/DEV/GLPI/glpi-fork/src/RuleCollection.php at line 1665
  Backtrace :
  src/Ticket.php:1960                                RuleCollection->processAllRules()
  src/CommonDBTM.php:1297                            Ticket->prepareInputForAdd()
  front/ticket.form.php:80                           CommonDBTM->add()
  
[2024-05-13 13:08:13] glpiphplog.WARNING:   *** PHP Warning (2): Undefined array key "fields" in /home/romain/TECLIB/DEV/GLPI/glpi-fork/src/RuleCollection.php at line 1665
  Backtrace :
  src/Ticket.php:1960                                RuleCollection->processAllRules()
  src/CommonDBTM.php:1297                            Ticket->prepareInputForAdd()
  front/ticket.form.php:80                           CommonDBTM->add()
  
[2024-05-13 13:08:13] glpiphplog.WARNING:   *** PHP Warning (2): Trying to access array offset on null in /home/romain/TECLIB/DEV/GLPI/glpi-fork/src/RuleCollection.php at line 1665
  Backtrace :
  src/Ticket.php:1960                                RuleCollection->processAllRules()
  src/CommonDBTM.php:1297                            Ticket->prepareInputForAdd()
  front/ticket.form.php:80                           CommonDBTM->add()
  
[2024-05-13 13:08:13] glpiphplog.WARNING:   *** PHP Warning (2): Undefined array key "fields" in /home/romain/TECLIB/DEV/GLPI/glpi-fork/src/RuleCollection.php at line 1665
  Backtrace :
  src/Ticket.php:1960                                RuleCollection->processAllRules()
  src/CommonDBTM.php:1297                            Ticket->prepareInputForAdd()
  front/ticket.form.php:80                           CommonDBTM->add()
  
[2024-05-13 13:08:13] glpiphplog.WARNING:   *** PHP Warning (2): Trying to access array offset on null in /home/romain/TECLIB/DEV/GLPI/glpi-fork/src/RuleCollection.php at line 1665
  Backtrace :
  src/Ticket.php:1960                                RuleCollection->processAllRules()
  src/CommonDBTM.php:1297                            Ticket->prepareInputForAdd()
  front/ticket.form.php:80                           CommonDBTM->add()
  
[2024-05-13 13:08:13] glpiphplog.WARNING:   *** PHP Warning (2): Undefined array key "fields" in /home/romain/TECLIB/DEV/GLPI/glpi-fork/src/RuleCollection.php at line 1665
  Backtrace :
  src/Ticket.php:1960                                RuleCollection->processAllRules()
  src/CommonDBTM.php:1297                            Ticket->prepareInputForAdd()
  front/ticket.form.php:80                           CommonDBTM->add()
  
[2024-05-13 13:08:13] glpiphplog.WARNING:   *** PHP Warning (2): Trying to access array offset on null in /home/romain/TECLIB/DEV/GLPI/glpi-fork/src/RuleCollection.php at line 1665
  Backtrace :
  src/Ticket.php:1960                                RuleCollection->processAllRules()
  src/CommonDBTM.php:1297                            Ticket->prepareInputForAdd()
  front/ticket.form.php:80                           CommonDBTM->add()
  
[2024-05-13 13:08:13] glpiphplog.WARNING:   *** PHP Warning (2): Undefined array key "fields" in /home/romain/TECLIB/DEV/GLPI/glpi-fork/src/RuleCollection.php at line 1665
  Backtrace :
  src/Ticket.php:1960                                RuleCollection->processAllRules()
  src/CommonDBTM.php:1297                            Ticket->prepareInputForAdd()
  front/ticket.form.php:80                           CommonDBTM->add()
  
[2024-05-13 13:08:13] glpiphplog.WARNING:   *** PHP Warning (2): Trying to access array offset on null in /home/romain/TECLIB/DEV/GLPI/glpi-fork/src/RuleCollection.php at line 1665
  Backtrace :
  src/Ticket.php:1960                                RuleCollection->processAllRules()
  src/CommonDBTM.php:1297                            Ticket->prepareInputForAdd()
  front/ticket.form.php:80                           CommonDBTM->add()
  
[2024-05-13 13:08:13] glpiphplog.WARNING:   *** PHP Warning (2): Undefined array key "fields" in /home/romain/TECLIB/DEV/GLPI/glpi-fork/src/RuleCollection.php at line 1665
  Backtrace :
  src/Ticket.php:1960                                RuleCollection->processAllRules()
  src/CommonDBTM.php:1297                            Ticket->prepareInputForAdd()
  front/ticket.form.php:80                           CommonDBTM->add()
  
[2024-05-13 13:08:13] glpiphplog.WARNING:   *** PHP Warning (2): Trying to access array offset on null in /home/romain/TECLIB/DEV/GLPI/glpi-fork/src/RuleCollection.php at line 1665
  Backtrace :
  src/Ticket.php:1960                                RuleCollection->processAllRules()
  src/CommonDBTM.php:1297                            Ticket->prepareInputForAdd()
  front/ticket.form.php:80                           CommonDBTM->add()
  
[2024-05-13 13:08:13] glpiphplog.WARNING:   *** PHP Warning (2): Undefined array key "fields" in /home/romain/TECLIB/DEV/GLPI/glpi-fork/src/RuleCollection.php at line 1665
  Backtrace :
  src/Ticket.php:1960                                RuleCollection->processAllRules()
  src/CommonDBTM.php:1297                            Ticket->prepareInputForAdd()
  front/ticket.form.php:80                           CommonDBTM->add()
  
[2024-05-13 13:08:13] glpiphplog.WARNING:   *** PHP Warning (2): Trying to access array offset on null in /home/romain/TECLIB/DEV/GLPI/glpi-fork/src/RuleCollection.php at line 1665
  Backtrace :
  src/Ticket.php:1960                                RuleCollection->processAllRules()
  src/CommonDBTM.php:1297                            Ticket->prepareInputForAdd()
  front/ticket.form.php:80                           CommonDBTM->add()
  
[2024-05-13 13:08:13] glpiphplog.WARNING:   *** PHP Warning (2): Undefined array key "fields" in /home/romain/TECLIB/DEV/GLPI/glpi-fork/src/RuleCollection.php at line 1665
  Backtrace :
  src/Ticket.php:1960                                RuleCollection->processAllRules()
  src/CommonDBTM.php:1297                            Ticket->prepareInputForAdd()
  front/ticket.form.php:80                           CommonDBTM->add()
  
[2024-05-13 13:08:13] glpiphplog.WARNING:   *** PHP Warning (2): Trying to access array offset on null in /home/romain/TECLIB/DEV/GLPI/glpi-fork/src/RuleCollection.php at line 1665
  Backtrace :
  src/Ticket.php:1960                                RuleCollection->processAllRules()
  src/CommonDBTM.php:1297                            Ticket->prepareInputForAdd()
  front/ticket.form.php:80                           CommonDBTM->add()
  
[2024-05-13 13:08:13] glpiphplog.WARNING:   *** PHP Warning (2): Undefined array key "fields" in /home/romain/TECLIB/DEV/GLPI/glpi-fork/src/RuleCollection.php at line 1665
  Backtrace :
  src/Ticket.php:1960                                RuleCollection->processAllRules()
  src/CommonDBTM.php:1297                            Ticket->prepareInputForAdd()
  front/ticket.form.php:80                           CommonDBTM->add()
  
[2024-05-13 13:08:13] glpiphplog.WARNING:   *** PHP Warning (2): Trying to access array offset on null in /home/romain/TECLIB/DEV/GLPI/glpi-fork/src/RuleCollection.php at line 1665
  Backtrace :
  src/Ticket.php:1960                                RuleCollection->processAllRules()
  src/CommonDBTM.php:1297                            Ticket->prepareInputForAdd()
  front/ticket.form.php:80                           CommonDBTM->add()
  
[2024-05-13 13:08:13] glpiphplog.WARNING:   *** PHP Warning (2): Undefined array key "fields" in /home/romain/TECLIB/DEV/GLPI/glpi-fork/src/RuleCollection.php at line 1665
  Backtrace :
  src/Ticket.php:1960                                RuleCollection->processAllRules()
  src/CommonDBTM.php:1297                            Ticket->prepareInputForAdd()
  front/ticket.form.php:80                           CommonDBTM->add()
  
[2024-05-13 13:08:13] glpiphplog.WARNING:   *** PHP Warning (2): Trying to access array offset on null in /home/romain/TECLIB/DEV/GLPI/glpi-fork/src/RuleCollection.php at line 1665
  Backtrace :
  src/Ticket.php:1960                                RuleCollection->processAllRules()
  src/CommonDBTM.php:1297                            Ticket->prepareInputForAdd()
  front/ticket.form.php:80                           CommonDBTM->add()
  
[2024-05-13 13:08:13] glpiphplog.WARNING:   *** PHP Warning (2): Undefined array key "fields" in /home/romain/TECLIB/DEV/GLPI/glpi-fork/src/RuleCollection.php at line 1665
  Backtrace :
  src/Ticket.php:1960                                RuleCollection->processAllRules()
  src/CommonDBTM.php:1297                            Ticket->prepareInputForAdd()
  front/ticket.form.php:80                           CommonDBTM->add()
  
[2024-05-13 13:08:13] glpiphplog.WARNING:   *** PHP Warning (2): Trying to access array offset on null in /home/romain/TECLIB/DEV/GLPI/glpi-fork/src/RuleCollection.php at line 1665
  Backtrace :
  src/Ticket.php:1960                                RuleCollection->processAllRules()
  src/CommonDBTM.php:1297                            Ticket->prepareInputForAdd()
  front/ticket.form.php:80                           CommonDBTM->add()
  
[2024-05-13 13:08:13] glpiphplog.WARNING:   *** PHP Warning (2): Undefined array key "fields" in /home/romain/TECLIB/DEV/GLPI/glpi-fork/src/RuleCollection.php at line 1665
  Backtrace :
  src/Ticket.php:1960                                RuleCollection->processAllRules()
  src/CommonDBTM.php:1297                            Ticket->prepareInputForAdd()
  front/ticket.form.php:80                           CommonDBTM->add()
  
[2024-05-13 13:08:13] glpiphplog.WARNING:   *** PHP Warning (2): Trying to access array offset on null in /home/romain/TECLIB/DEV/GLPI/glpi-fork/src/RuleCollection.php at line 1665
  Backtrace :
  src/Ticket.php:1960                                RuleCollection->processAllRules()
  src/CommonDBTM.php:1297                            Ticket->prepareInputForAdd()
  front/ticket.form.php:80                           CommonDBTM->add()
  
